Using pre-set license
Built from '2020.3/staging' branch; Version is '2020.3.24f1 (79c78de19888) revision 7980941'; Using compiler version '192528614'; Build Type 'Release'
OS: 'Windows 11  (10.0.26100) 64bit Core' Language: 'uk' Physical Memory: 32343 MB
BatchMode: 1, IsHumanControllingUs: 0, StartBugReporterOnCrash: 0, Is64bit: 1, IsPro: 0

COMMAND LINE ARGUMENTS:
C:\Program Files\Unity\Hub\Editor\2020.3.24f1\Editor\Unity.exe
-adb2
-batchMode
-noUpm
-name
AssetImportWorker0
-projectPath
C:/Users/Nazar/RiderProjects/junglebrostest
-logFile
Logs/AssetImportWorker0.log
-srvPort
51108
Successfully changed project path to: C:/Users/Nazar/RiderProjects/junglebrostest
C:/Users/Nazar/RiderProjects/junglebrostest
Using Asset Import Pipeline V2.
Refreshing native plugins compatible for Editor in 37.80 ms, found 2 plugins.
Preloading 0 native plugins for Editor in 0.00 ms.
Initialize engine version: 2020.3.24f1 (79c78de19888)
[Subsystems] Discovering subsystems at path C:/Program Files/Unity/Hub/Editor/2020.3.24f1/Editor/Data/Resources/UnitySubsystems
[Subsystems] Discovering subsystems at path C:/Users/Nazar/RiderProjects/junglebrostest/Assets
GfxDevice: creating device client; threaded=0
Direct3D:
    Version:  Direct3D 11.0 [level 11.1]
    Renderer: NVIDIA GeForce RTX 4070 (ID=0x2786)
    Vendor:   
    VRAM:     12012 MB
    Driver:   32.0.15.7680
Initialize mono
Mono path[0] = 'C:/Program Files/Unity/Hub/Editor/2020.3.24f1/Editor/Data/Managed'
Mono path[1] = 'C:/Program Files/Unity/Hub/Editor/2020.3.24f1/Editor/Data/MonoBleedingEdge/lib/mono/unityjit'
Mono config path = 'C:/Program Files/Unity/Hub/Editor/2020.3.24f1/Editor/Data/MonoBleedingEdge/etc'
Using monoOptions --debugger-agent=transport=dt_socket,embedding=1,server=y,suspend=n,address=127.0.0.1:56196
Begin MonoManager ReloadAssembly
Registering precompiled unity dll's ...
Register platform support module: C:/Program Files/Unity/Hub/Editor/2020.3.24f1/Editor/Data/PlaybackEngines/WindowsStandaloneSupport/UnityEditor.WindowsStandalone.Extensions.dll
Registered in 0.001158 seconds.
Native extension for WindowsStandalone target not found
Refreshing native plugins compatible for Editor in 33.23 ms, found 2 plugins.
Preloading 0 native plugins for Editor in 0.00 ms.
Mono: successfully reloaded assembly
- Completed reload, in  0.316 seconds
Domain Reload Profiling:
	ReloadAssembly (316ms)
		BeginReloadAssembly (29ms)
			ExecutionOrderSort (0ms)
			DisableScriptedObjects (0ms)
			BackupInstance (0ms)
			ReleaseScriptingObjects (0ms)
			CreateAndSetChildDomain (0ms)
		EndReloadAssembly (248ms)
			LoadAssemblies (28ms)
			RebuildTransferFunctionScriptingTraits (0ms)
			SetupTypeCache (76ms)
			ReleaseScriptCaches (0ms)
			RebuildScriptCaches (15ms)
			SetupLoadedEditorAssemblies (103ms)
				LogAssemblyErrors (0ms)
				InitializePlatformSupportModulesInManaged (2ms)
				SetLoadedEditorAssemblies (0ms)
				RefreshPlugins (33ms)
				BeforeProcessingInitializeOnLoad (7ms)
				ProcessInitializeOnLoadAttributes (45ms)
				ProcessInitializeOnLoadMethodAttributes (15ms)
				AfterProcessingInitializeOnLoad (0ms)
				EditorAssembliesLoaded (0ms)
			ExecutionOrderSort2 (0ms)
			AwakeInstancesAfterBackupRestoration (0ms)
Platform modules already initialized, skipping
Registering precompiled user dll's ...
Registered in 0.002701 seconds.
Begin MonoManager ReloadAssembly
Native extension for WindowsStandalone target not found
Refreshing native plugins compatible for Editor in 0.58 ms, found 2 plugins.
Preloading 0 native plugins for Editor in 0.00 ms.
Mono: successfully reloaded assembly
- Completed reload, in  0.535 seconds
Domain Reload Profiling:
	ReloadAssembly (535ms)
		BeginReloadAssembly (68ms)
			ExecutionOrderSort (0ms)
			DisableScriptedObjects (2ms)
			BackupInstance (0ms)
			ReleaseScriptingObjects (0ms)
			CreateAndSetChildDomain (11ms)
		EndReloadAssembly (436ms)
			LoadAssemblies (45ms)
			RebuildTransferFunctionScriptingTraits (0ms)
			SetupTypeCache (138ms)
			ReleaseScriptCaches (0ms)
			RebuildScriptCaches (23ms)
			SetupLoadedEditorAssemblies (184ms)
				LogAssemblyErrors (0ms)
				InitializePlatformSupportModulesInManaged (2ms)
				SetLoadedEditorAssemblies (0ms)
				RefreshPlugins (1ms)
				BeforeProcessingInitializeOnLoad (49ms)
				ProcessInitializeOnLoadAttributes (110ms)
				ProcessInitializeOnLoadMethodAttributes (20ms)
				AfterProcessingInitializeOnLoad (3ms)
				EditorAssembliesLoaded (0ms)
			ExecutionOrderSort2 (0ms)
			AwakeInstancesAfterBackupRestoration (3ms)
Platform modules already initialized, skipping
========================================================================
Worker process is ready to serve import requests
Launched and connected shader compiler UnityShaderCompiler.exe after 0.03 seconds
Refreshing native plugins compatible for Editor in 0.89 ms, found 2 plugins.
Preloading 0 native plugins for Editor in 0.00 ms.
Unloading 2217 Unused Serialized files (Serialized files now loaded: 0)
System memory in use before: 87.0 MB.
System memory in use after: 87.1 MB.

Unloading 58 unused Assets to reduce memory usage. Loaded Objects now: 2620.
Total: 3.914900 ms (FindLiveObjects: 0.118900 ms CreateObjectMapping: 0.028600 ms MarkObjects: 3.714100 ms  DeleteObjects: 0.052700 ms)

AssetImportParameters requested are different than current active one (requested -> active):
  custom:framework-win-MediaFoundation: 216162199b28c13a410421893ffa2e32 -> 
  custom:video-decoder-ogg-theora: a1e56fd34408186e4bbccfd4996cb3dc -> 
  custom:container-muxer-webm: aa71ff27fc2769a1b78a27578f13a17b -> 
  custom:container-demuxer-webm: 4f35f7cbe854078d1ac9338744f61a02 -> 
  custom:container-demuxer-ogg: 62fdf1f143b41e24485cea50d1cbac27 -> 
  custom:video-encoder-webm-vp8: eb34c28f22e8b96e1ab97ce403110664 -> 
  custom:video-codec-MediaFoundation-h265: 746d11721c4dcdbdad8f713fa42b33f4 -> 
  custom:video-decoder-webm-vp8: 9c59270c3fd7afecdb556c50c9e8de78 -> 
  custom:audio-decoder-ogg-vorbis: bf7c407c2cedff20999df2af8eb42d56 -> 
  custom:audio-encoder-webm-vorbis: bf7c407c2cedff20999df2af8eb42d56 -> 
========================================================================
Received Import Request.
  path: Assets/Kong Hero/Resources/_NeedInScene/Game Finish Point.prefab
  artifactKey: Guid(494cd8fb89a413a4c980a3b84234f321) Importer(815301076,1909f56bfc062723c751e8b465ee728b)
Start importing Assets/Kong Hero/Resources/_NeedInScene/Game Finish Point.prefab using Guid(494cd8fb89a413a4c980a3b84234f321) Importer(815301076,1909f56bfc062723c751e8b465ee728b)  -> (artifact id: '19b1966db298514209ef1306065f010a') in 0.036166 seconds 
  Import took 0.038528 seconds .

========================================================================
Received Import Request.
  Time since last request: 0.000152 seconds.
  path: Assets/Kong Hero/Resources/_NeedInScene/Main Camera.prefab
  artifactKey: Guid(94dc084ff98dd444cbcf640e1ac6c620) Importer(815301076,1909f56bfc062723c751e8b465ee728b)
Start importing Assets/Kong Hero/Resources/_NeedInScene/Main Camera.prefab using Guid(94dc084ff98dd444cbcf640e1ac6c620) Importer(815301076,1909f56bfc062723c751e8b465ee728b)  -> (artifact id: 'c3ec26387cdb8f840a8ea4b4581d0cdd') in 0.007542 seconds 
  Import took 0.009593 seconds .

========================================================================
Received Import Request.
  Time since last request: 0.000159 seconds.
  path: Assets/Kong Hero/Resources/_NeedInScene/CameraParallax.prefab
  artifactKey: Guid(5fd1b5efba3088b49b832a651f48cbee) Importer(815301076,1909f56bfc062723c751e8b465ee728b)
Start importing Assets/Kong Hero/Resources/_NeedInScene/CameraParallax.prefab using Guid(5fd1b5efba3088b49b832a651f48cbee) Importer(815301076,1909f56bfc062723c751e8b465ee728b)  -> (artifact id: 'e697b1ccff506f2038dfaefcf882b0d0') in 0.056522 seconds 
  Import took 0.059426 seconds .

========================================================================
Received Import Request.
  Time since last request: 0.000162 seconds.
  path: Assets/Kong Hero/Resources/_NeedInScene/Menu.prefab
  artifactKey: Guid(47ff9b6a25651d444b757d6ad85d9b43) Importer(815301076,1909f56bfc062723c751e8b465ee728b)
Start importing Assets/Kong Hero/Resources/_NeedInScene/Menu.prefab using Guid(47ff9b6a25651d444b757d6ad85d9b43) Importer(815301076,1909f56bfc062723c751e8b465ee728b)  -> (artifact id: 'cd960a45a7190830deb3bee6cefabda8') in 0.026002 seconds 
  Import took 0.028440 seconds .

========================================================================
Received Import Request.
  Time since last request: 0.000162 seconds.
  path: Assets/Kong Hero/Resources/_NeedInScene/Kill Zone.prefab
  artifactKey: Guid(11c2ab5e2f920f64ab7f10512660a68a) Importer(815301076,1909f56bfc062723c751e8b465ee728b)
Start importing Assets/Kong Hero/Resources/_NeedInScene/Kill Zone.prefab using Guid(11c2ab5e2f920f64ab7f10512660a68a) Importer(815301076,1909f56bfc062723c751e8b465ee728b)  -> (artifact id: 'decae203b26b3be474c0e96220f6913f') in 0.007432 seconds 
  Import took 0.009449 seconds .

========================================================================
Received Import Request.
  Time since last request: 0.000143 seconds.
  path: Assets/Kong Hero/Resources/_NeedInScene/Camera Bounds.prefab
  artifactKey: Guid(28bfad99075b21a4fba20dd14bd67464) Importer(815301076,1909f56bfc062723c751e8b465ee728b)
Start importing Assets/Kong Hero/Resources/_NeedInScene/Camera Bounds.prefab using Guid(28bfad99075b21a4fba20dd14bd67464) Importer(815301076,1909f56bfc062723c751e8b465ee728b)  -> (artifact id: '7bce3a95fba27366f658d07451b6956c') in 0.008478 seconds 
  Import took 0.010604 seconds .

========================================================================
Received Import Request.
  Time since last request: 0.000130 seconds.
  path: Assets/Kong Hero/Resources/_NeedInScene/GameManager.prefab
  artifactKey: Guid(2695c4f01440e024e9a37a31a3a761f5) Importer(815301076,1909f56bfc062723c751e8b465ee728b)
Start importing Assets/Kong Hero/Resources/_NeedInScene/GameManager.prefab using Guid(2695c4f01440e024e9a37a31a3a761f5) Importer(815301076,1909f56bfc062723c751e8b465ee728b)  -> (artifact id: '033b1b38e714b5941fd420c64d2cb355') in 0.024873 seconds 
  Import took 0.027188 seconds .

========================================================================
Received Import Request.
  Time since last request: 0.541865 seconds.
  path: Assets/Resources
  artifactKey: Guid(468d616a944cf4143b34373dcc6a3684) Importer(815301076,1909f56bfc062723c751e8b465ee728b)
Start importing Assets/Resources using Guid(468d616a944cf4143b34373dcc6a3684) Importer(815301076,1909f56bfc062723c751e8b465ee728b)  -> (artifact id: 'bbab2077101357a6e3edb4b032519e6d') in 0.007514 seconds 
  Import took 0.010341 seconds .

========================================================================
Received Import Request.
  Time since last request: 9.245028 seconds.
  path: Assets/Kong Hero
  artifactKey: Guid(f407149659c6448b4912a22cafa973b8) Importer(815301076,1909f56bfc062723c751e8b465ee728b)
Start importing Assets/Kong Hero using Guid(f407149659c6448b4912a22cafa973b8) Importer(815301076,1909f56bfc062723c751e8b465ee728b)  -> (artifact id: 'def38b0c640d56db332e06b3e8995cb1') in 0.008892 seconds 
  Import took 0.011359 seconds .

========================================================================
Received Import Request.
  Time since last request: 6.538548 seconds.
  path: Assets/Kong Hero/Script
  artifactKey: Guid(536005df612d3af4b9eba64c726bd03b) Importer(815301076,1909f56bfc062723c751e8b465ee728b)
Start importing Assets/Kong Hero/Script using Guid(536005df612d3af4b9eba64c726bd03b) Importer(815301076,1909f56bfc062723c751e8b465ee728b)  -> (artifact id: '79241b65e9bcd06940ab16159e34a865') in 0.007393 seconds 
  Import took 0.009853 seconds .

========================================================================
Received Import Request.
  Time since last request: 1.018379 seconds.
  path: Assets/Kong Hero/Script/SimplePathedMoving.cs
  artifactKey: Guid(512ba55bd4b370b49a90becb5eb94b10) Importer(815301076,1909f56bfc062723c751e8b465ee728b)
Start importing Assets/Kong Hero/Script/SimplePathedMoving.cs using Guid(512ba55bd4b370b49a90becb5eb94b10) Importer(815301076,1909f56bfc062723c751e8b465ee728b)  -> (artifact id: '6e676487b5c3795fdec63a1e6cb385c0') in 0.009118 seconds 
  Import took 0.011690 seconds .

========================================================================
Received Prepare
Registering precompiled user dll's ...
Registered in 0.003950 seconds.
Begin MonoManager ReloadAssembly
Native extension for WindowsStandalone target not found
Refreshing native plugins compatible for Editor in 1.12 ms, found 2 plugins.
Preloading 0 native plugins for Editor in 0.00 ms.
Mono: successfully reloaded assembly
- Completed reload, in  1.040 seconds
Domain Reload Profiling:
	ReloadAssembly (1040ms)
		BeginReloadAssembly (142ms)
			ExecutionOrderSort (0ms)
			DisableScriptedObjects (3ms)
			BackupInstance (0ms)
			ReleaseScriptingObjects (0ms)
			CreateAndSetChildDomain (37ms)
		EndReloadAssembly (829ms)
			LoadAssemblies (135ms)
			RebuildTransferFunctionScriptingTraits (0ms)
			SetupTypeCache (338ms)
			ReleaseScriptCaches (1ms)
			RebuildScriptCaches (28ms)
			SetupLoadedEditorAssemblies (223ms)
				LogAssemblyErrors (0ms)
				InitializePlatformSupportModulesInManaged (4ms)
				SetLoadedEditorAssemblies (0ms)
				RefreshPlugins (1ms)
				BeforeProcessingInitializeOnLoad (62ms)
				ProcessInitializeOnLoadAttributes (129ms)
				ProcessInitializeOnLoadMethodAttributes (24ms)
				AfterProcessingInitializeOnLoad (3ms)
				EditorAssembliesLoaded (0ms)
			ExecutionOrderSort2 (0ms)
			AwakeInstancesAfterBackupRestoration (5ms)
Platform modules already initialized, skipping
Refreshing native plugins compatible for Editor in 2.32 ms, found 2 plugins.
Preloading 0 native plugins for Editor in 0.00 ms.
Unloading 2211 Unused Serialized files (Serialized files now loaded: 0)
System memory in use before: 90.2 MB.
System memory in use after: 90.3 MB.

Unloading 52 unused Assets to reduce memory usage. Loaded Objects now: 2633.
Total: 32.282200 ms (FindLiveObjects: 0.517100 ms CreateObjectMapping: 0.069900 ms MarkObjects: 31.609900 ms  DeleteObjects: 0.083600 ms)

AssetImportParameters requested are different than current active one (requested -> active):
  custom:framework-win-MediaFoundation: 216162199b28c13a410421893ffa2e32 -> 
  custom:video-decoder-ogg-theora: a1e56fd34408186e4bbccfd4996cb3dc -> 
  custom:container-muxer-webm: aa71ff27fc2769a1b78a27578f13a17b -> 
  custom:container-demuxer-webm: 4f35f7cbe854078d1ac9338744f61a02 -> 
  custom:container-demuxer-ogg: 62fdf1f143b41e24485cea50d1cbac27 -> 
  custom:video-encoder-webm-vp8: eb34c28f22e8b96e1ab97ce403110664 -> 
  custom:video-codec-MediaFoundation-h265: 746d11721c4dcdbdad8f713fa42b33f4 -> 
  custom:video-decoder-webm-vp8: 9c59270c3fd7afecdb556c50c9e8de78 -> 
  custom:audio-decoder-ogg-vorbis: bf7c407c2cedff20999df2af8eb42d56 -> 
  custom:audio-encoder-webm-vorbis: bf7c407c2cedff20999df2af8eb42d56 -> 
========================================================================
Received Import Request.
  Time since last request: 37.000875 seconds.
  path: Assets/Kong Hero/Script/System
  artifactKey: Guid(8d43f84eaace3d049bbbd7b28ff5eeee) Importer(815301076,1909f56bfc062723c751e8b465ee728b)
Start importing Assets/Kong Hero/Script/System using Guid(8d43f84eaace3d049bbbd7b28ff5eeee) Importer(815301076,1909f56bfc062723c751e8b465ee728b)  -> (artifact id: 'ff65bcf6d7421b7a59d5db60877e06e0') in 0.009774 seconds 
  Import took 0.012205 seconds .

========================================================================
Received Import Request.
  Time since last request: 4.284218 seconds.
  path: Assets/Kong Hero/Script/Menu
  artifactKey: Guid(dfd7d3cc58e697e46a5dbf423d434c01) Importer(815301076,1909f56bfc062723c751e8b465ee728b)
Start importing Assets/Kong Hero/Script/Menu using Guid(dfd7d3cc58e697e46a5dbf423d434c01) Importer(815301076,1909f56bfc062723c751e8b465ee728b)  -> (artifact id: 'f5722b4c356a80931a5e7307167a6ea8') in 0.001600 seconds 
  Import took 0.003904 seconds .

========================================================================
Received Import Request.
  Time since last request: 6.929083 seconds.
  path: Assets/Kong Hero/Scene
  artifactKey: Guid(6bc9b7884803bd94093450c8e6a42b0f) Importer(815301076,1909f56bfc062723c751e8b465ee728b)
Start importing Assets/Kong Hero/Scene using Guid(6bc9b7884803bd94093450c8e6a42b0f) Importer(815301076,1909f56bfc062723c751e8b465ee728b)  -> (artifact id: 'd76236bb3eef6fdd2c5705f3f1ecaf56') in 0.007190 seconds 
  Import took 0.009840 seconds .

========================================================================
Received Import Request.
  Time since last request: 1.053299 seconds.
  path: Assets/Kong Hero/Scene/MainMenu.unity
  artifactKey: Guid(b179c97b778993540b87d0b873027cfb) Importer(815301076,1909f56bfc062723c751e8b465ee728b)
Start importing Assets/Kong Hero/Scene/MainMenu.unity using Guid(b179c97b778993540b87d0b873027cfb) Importer(815301076,1909f56bfc062723c751e8b465ee728b)  -> (artifact id: '03f4d9a58f60a141d566f32378a95f89') in 0.011207 seconds 
  Import took 0.013838 seconds .

========================================================================
Received Prepare
Registering precompiled user dll's ...
Registered in 0.003285 seconds.
Begin MonoManager ReloadAssembly
Native extension for WindowsStandalone target not found
Refreshing native plugins compatible for Editor in 0.75 ms, found 2 plugins.
Preloading 0 native plugins for Editor in 0.00 ms.
Mono: successfully reloaded assembly
- Completed reload, in  0.665 seconds
Domain Reload Profiling:
	ReloadAssembly (666ms)
		BeginReloadAssembly (77ms)
			ExecutionOrderSort (0ms)
			DisableScriptedObjects (4ms)
			BackupInstance (0ms)
			ReleaseScriptingObjects (0ms)
			CreateAndSetChildDomain (26ms)
		EndReloadAssembly (551ms)
			LoadAssemblies (52ms)
			RebuildTransferFunctionScriptingTraits (0ms)
			SetupTypeCache (163ms)
			ReleaseScriptCaches (1ms)
			RebuildScriptCaches (28ms)
			SetupLoadedEditorAssemblies (243ms)
				LogAssemblyErrors (0ms)
				InitializePlatformSupportModulesInManaged (3ms)
				SetLoadedEditorAssemblies (0ms)
				RefreshPlugins (1ms)
				BeforeProcessingInitializeOnLoad (86ms)
				ProcessInitializeOnLoadAttributes (127ms)
				ProcessInitializeOnLoadMethodAttributes (23ms)
				AfterProcessingInitializeOnLoad (3ms)
				EditorAssembliesLoaded (0ms)
			ExecutionOrderSort2 (0ms)
			AwakeInstancesAfterBackupRestoration (4ms)
Platform modules already initialized, skipping
Refreshing native plugins compatible for Editor in 0.98 ms, found 2 plugins.
Preloading 0 native plugins for Editor in 0.00 ms.
Unloading 2211 Unused Serialized files (Serialized files now loaded: 0)
System memory in use before: 90.3 MB.
System memory in use after: 90.4 MB.

Unloading 49 unused Assets to reduce memory usage. Loaded Objects now: 2635.
Total: 3.930900 ms (FindLiveObjects: 0.162100 ms CreateObjectMapping: 0.029200 ms MarkObjects: 3.717600 ms  DeleteObjects: 0.021400 ms)

AssetImportParameters requested are different than current active one (requested -> active):
  custom:framework-win-MediaFoundation: 216162199b28c13a410421893ffa2e32 -> 
  custom:video-decoder-ogg-theora: a1e56fd34408186e4bbccfd4996cb3dc -> 
  custom:container-muxer-webm: aa71ff27fc2769a1b78a27578f13a17b -> 
  custom:container-demuxer-webm: 4f35f7cbe854078d1ac9338744f61a02 -> 
  custom:container-demuxer-ogg: 62fdf1f143b41e24485cea50d1cbac27 -> 
  custom:video-encoder-webm-vp8: eb34c28f22e8b96e1ab97ce403110664 -> 
  custom:video-codec-MediaFoundation-h265: 746d11721c4dcdbdad8f713fa42b33f4 -> 
  custom:video-decoder-webm-vp8: 9c59270c3fd7afecdb556c50c9e8de78 -> 
  custom:audio-decoder-ogg-vorbis: bf7c407c2cedff20999df2af8eb42d56 -> 
  custom:audio-encoder-webm-vorbis: bf7c407c2cedff20999df2af8eb42d56 -> 
AssetImportWorkerClient::OnTransportError - code=2 error=End of file
